<?xml version="1.0" encoding="UTF-8"?>
<testng-results ignored="0" total="1" passed="1" failed="0" skipped="0">
  <reporter-output>
  </reporter-output>
  <suite started-at="2025-04-07T10:28:11 IST" name="Default suite" finished-at="2025-04-07T10:28:30 IST" duration-ms="18993">
    <groups>
    </groups>
    <test started-at="2025-04-07T10:28:11 IST" name="Default test" finished-at="2025-04-07T10:28:30 IST" duration-ms="18993">
      <class name="com.erail.searchtest.CalenderTest">
        <test-method is-config="true" signature="configBS()[pri:0, instance:com.erail.searchtest.CalenderTest@515aebb0]" started-at="2025-04-07T10:28:11 IST" name="configBS" finished-at="2025-04-07T10:28:11 IST" duration-ms="20" status="PASS">
          <reporter-output>
          </reporter-output>
        </test-method> <!-- configBS -->
        <test-method is-config="true" signature="configBC()[pri:0, instance:com.erail.searchtest.CalenderTest@515aebb0]" started-at="2025-04-07T10:28:11 IST" name="configBC" finished-at="2025-04-07T10:28:18 IST" duration-ms="7381" status="PASS">
          <reporter-output>
          </reporter-output>
        </test-method> <!-- configBC -->
        <test-method is-config="true" signature="configBM()[pri:0, instance:com.erail.searchtest.CalenderTest@515aebb0]" started-at="2025-04-07T10:28:18 IST" name="configBM" finished-at="2025-04-07T10:28:24 IST" duration-ms="5397" status="PASS">
          <reporter-output>
          </reporter-output>
        </test-method> <!-- configBM -->
        <test-method signature="setDate()[pri:0, instance:com.erail.searchtest.CalenderTest@515aebb0]" started-at="2025-04-07T10:28:24 IST" name="setDate" finished-at="2025-04-07T10:28:30 IST" duration-ms="6109" status="PASS">
          <reporter-output>
          </reporter-output>
        </test-method> <!-- setDate -->
        <test-method is-config="true" signature="configAM()[pri:0, instance:com.erail.searchtest.CalenderTest@515aebb0]" started-at="2025-04-07T10:28:30 IST" name="configAM" finished-at="2025-04-07T10:28:30 IST" duration-ms="1" status="PASS">
          <reporter-output>
          </reporter-output>
        </test-method> <!-- configAM -->
        <test-method is-config="true" signature="configAC()[pri:0, instance:com.erail.searchtest.CalenderTest@515aebb0]" started-at="2025-04-07T10:28:30 IST" name="configAC" finished-at="2025-04-07T10:28:30 IST" duration-ms="1" status="PASS">
          <reporter-output>
          </reporter-output>
        </test-method> <!-- configAC -->
        <test-method is-config="true" signature="configAS()[pri:0, instance:com.erail.searchtest.CalenderTest@515aebb0]" started-at="2025-04-07T10:28:30 IST" name="configAS" finished-at="2025-04-07T10:28:30 IST" duration-ms="0" status="PASS">
          <reporter-output>
          </reporter-output>
        </test-method> <!-- configAS -->
      </class> <!-- com.erail.searchtest.CalenderTest -->
    </test> <!-- Default test -->
  </suite> <!-- Default suite -->
</testng-results>
